iMPACT Version: 14.7

iMPACT log file Started on Fri Mar 18 14:24:50 2016

Welcome to iMPACT
iMPACT Version: 14.7
Project:C:\Users\blark\Desktop\xc9572xl\Verilog-CPLDIntro3LEDinverse\\auto_project.ipfcreated.
// *** BATCH CMD : setMode -bs
// *** BATCH CMD : setCable -port xsvf -file"C:/Users/blark/Desktop/xc9572xl/Verilog-CPLDIntro3LEDinverse/sid.xsvf"
// *** BATCH CMD : setMode -bs
// *** BATCH CMD : setMode -ss
// *** BATCH CMD : setMode -sm
// *** BATCH CMD : setMode -hw140
// *** BATCH CMD : setMode -spi
// *** BATCH CMD : setMode -acecf
// *** BATCH CMD : setMode -acempm
// *** BATCH CMD : setMode -pff
Welcome to iMPACT
iMPACT Version: 14.7
Project:'C:\Users\blark\Desktop\xc9572xl\Verilog-CPLDIntro3LEDinverse\\auto_project.ipf'already exists.
Original project has been renamed to'C:\Users\blark\Desktop\xc9572xl\Verilog-CPLDIntro3LEDinverse\\auto_project_1.ipf'.
Project:C:\Users\blark\Desktop\xc9572xl\Verilog-CPLDIntro3LEDinverse\\auto_project.ipfcreated.
// *** BATCH CMD : setMode -bs
// *** BATCH CMD : setCable -port xsvf -file"C:/Users/blark/Desktop/ESP8266_SID_Server/cpld/espSID/sid.xsvf"
// *** BATCH CMD : addDevice -p 1 -file"C:/Users/blark/Desktop/ESP8266_SID_Server/cpld/espSID/espSID_top.jed"
'1': Loading file'C:/Users/blark/Desktop/ESP8266_SID_Server/cpld/espSID/espSID_top.jed' ...
done.
INFO:iMPACT:1777 - 
   Reading C:/Xilinx/14.7/ISE_DS/ISE/xc9500xl/data/xc9572xl.bsd...
INFO:iMPACT:501 - '1': Added Device xc9572xl successfully.
----------------------------------------------------------------------
INFO:iMPACT - Current time: 3/18/2016 2:25:56 PM
WARNING:iMPACT - Warning: SVF Programming of 9500 series CPLDs is not supported   by every third-party boundary-scan tool provider. Please check for support   before using this SVF file to program a 9500 series device.
// *** BATCH CMD : Program -p 1 -e -v 

'1': Erasing device...
'1': Erasure completed successfully.
'1': Programming device...
done.
'1': Putting device in ISP mode...done.
'1': Putting device in ISP mode...done.
'1': Verifying device...PROGRESS_START - Starting Operation.
done.
'1': Verification completed successfully.
'1': Putting device in ISP mode...done.
'1': Programming completed successfully.
PROGRESS_END - End Operation.
Elapsed time =      1 sec.
